<?xml version="1.0" encoding="UTF-8"?>
<testsuite name="Simple test to launch browser with given &quot;appUrl&quot;" tests="1" skipped="0" failures="0" errors="0" timestamp="2024-02-18T15:31:45" hostname="LT-LP-110" time="224.652">
  <properties/>
  <testcase name="To validate navigation to Online Savings Account Tab" classname="Simple test to launch browser with given &quot;appUrl&quot;" time="224.652"/>
  <system-out><![CDATA[]]></system-out>
  <system-err><![CDATA[[Test worker] INFO  - 
  _____   ___   ___   _____     ___   _____     _     ___   _____   ___   ___  
 |_   _| | __| / __| |_   _|   / __| |_   _|   /_\   | _ \ |_   _| | __| |   \ 
   | |   | _|  \__ \   | |     \__ \   | |    / _ \  |   /   | |   | _|  | |) |
   |_|   |___| |___/   |_|     |___/   |_|   /_/ \_\ |_|_\   |_|   |___| |___/ 

To validate navigation to Online Savings Account Tab(simple-test-to-launch-browser-with-given-"appurl";to-validate-navigation-to-online-savings-account-tab)
--------------------------------------------------------------------------------
Feb 18, 2024 9:01:45 PM org.openqa.selenium.remote.tracing.opentelemetry.OpenTelemetryTracer createTracer
INFO: Using OpenTelemetry for tracing
[Test worker] WARN net.thucydides.core.webdriver.WebDriverFacade - Failed to take screenshot (Illegal base64 character a)
[Test worker] WARN net.thucydides.core.webdriver.WebDriverFacade - Failed to take screenshot (Illegal base64 character a)
[Test worker] WARN net.thucydides.core.webdriver.WebDriverFacade - Failed to take screenshot (Illegal base64 character a)
[Test worker] WARN net.thucydides.core.webdriver.WebDriverFacade - Failed to take screenshot (Illegal base64 character a)
[Test worker] WARN net.thucydides.core.webdriver.WebDriverFacade - Failed to take screenshot (Illegal base64 character a)
[Test worker] WARN net.thucydides.core.webdriver.WebDriverFacade - Failed to take screenshot (Illegal base64 character a)
[Test worker] WARN net.thucydides.core.webdriver.WebDriverFacade - Failed to take screenshot (Illegal base64 character a)
[Test worker] WARN net.thucydides.core.webdriver.WebDriverFacade - Failed to take screenshot (Illegal base64 character a)
[Test worker] WARN net.thucydides.core.webdriver.WebDriverFacade - Failed to take screenshot (Illegal base64 character a)
[Test worker] WARN net.thucydides.core.webdriver.WebDriverFacade - Failed to take screenshot (Illegal base64 character a)
[Test worker] WARN net.thucydides.core.webdriver.WebDriverFacade - Failed to take screenshot (Illegal base64 character a)
[Test worker] WARN net.thucydides.core.webdriver.WebDriverFacade - Failed to take screenshot (Illegal base64 character a)
[Test worker] WARN net.thucydides.core.webdriver.WebDriverFacade - Failed to take screenshot (Illegal base64 character a)
[Test worker] WARN net.thucydides.core.webdriver.WebDriverFacade - Failed to take screenshot (Illegal base64 character a)
[Test worker] WARN net.thucydides.core.webdriver.WebDriverFacade - Failed to take screenshot (Illegal base64 character a)
[Test worker] INFO  - 
  _____   ___   ___   _____     ___     _     ___   ___   ___   ___  
 |_   _| | __| / __| |_   _|   | _ \   /_\   / __| / __| | __| |   \ 
   | |   | _|  \__ \   | |     |  _/  / _ \  \__ \ \__ \ | _|  | |) |
   |_|   |___| |___/   |_|     |_|   /_/ \_\ |___/ |___/ |___| |___/ 

To validate navigation to Online Savings Account Tab
----------------------------------------------------------------------
]]></system-err>
</testsuite>
